Waf: Entering directory `/root/ns-3.19/build'
Waf: Leaving directory `/root/ns-3.19/build'
'build' finished successfully (0.693s)
TOPOLOGY_FILE			config/leaf_spine_128_100G_OS2.txt
FLOW_FILE			config/L_25.00_CDF_AliStorage2019_N_128_T_100ms_B_100_flow.txt
FLOW_INPUT_FILE			mix/output/218137147/218137147_in.txt
CNP_OUTPUT_FILE			mix/output/218137147/218137147_out_cnp.txt
FCT_OUTPUT_FILE		mix/output/218137147/218137147_out_fct.txt
PFC_OUTPUT_FILE				mix/output/218137147/218137147_out_pfc.txt
QLEN_MON_FILE				mix/output/218137147/218137147_out_qlen.txt
VOQ_MON_FILE				mix/output/218137147/218137147_out_voq.txt
VOQ_MON_DETAIL_FILE				mix/output/218137147/218137147_out_voq_per_dst.txt
UPLINK_MON_FILE				mix/output/218137147/218137147_out_uplink.txt
CONN_MON_FILE				mix/output/218137147/218137147_out_conn.txt
EST_ERROR_MON_FILE			mix/output/218137147/218137147_out_est_error.txt
QLEN_MON_START				2
QLEN_MON_END				2
SW_MONITORING_INTERVAL			10000
FLOWGEN_START_TIME		2
FLOWGEN_STOP_TIME		2.1
BUFFER_SIZE				9
CC_MODE		1
LB_MODE			9
ENABLE_PFC			Yes
ENABLE_IRN		0
CONWEAVE_TX_EXPIRY_TIME			+300000.0ns
CONWEAVE_REPLY_TIMEOUT_EXTRA			+4000.0ns
CONWEAVE_PATH_PAUSE_TIME			+16000.0ns
CONWEAVE_EXTRA_VOQ_FLUSH_TIME			+16000.0ns
CONWEAVE_DEFAULT_VOQ_WAITING_TIME			+200000.0ns
ALPHA_RESUME_INTERVAL		1
RATE_DECREASE_INTERVAL		4
CLAMP_TARGET_RATE		No
RP_TIMER			300
FAST_RECOVERY_TIMES		1
EWMA_GAIN			0.00390625
RATE_AI				40.0Mb/s
RATE_HAI			100.0Mb/s
MIN_RATE		100Mb/s
DCTCP_RATE_AI				1000Mb/s
ERROR_RATE_PER_LINK		0
L2_CHUNK_SIZE			4000
L2_ACK_INTERVAL			1
L2_BACK_TO_ZERO			No
RATE_BOUND		1
HAS_WIN		0
VAR_WIN		0
FAST_REACT		0
MI_THRESH		0
INT_MULTI				1
GLOBAL_T		1
U_TARGET		0.95
MULTI_RATE				0
SAMPLE_FEEDBACK				0
ENABLE_QCN			Yes
USE_DYNAMIC_PFC_THRESHOLD	Yes
PACKET_PAYLOAD_SIZE		1000
LINK_DOWN				0 0 0
KMAX_MAP				 20000000000 400 50000000000 400 100000000000 400 200000000000 400 250000000000 400 400000000000 400
KMIN_MAP				 20000000000 100 50000000000 100 100000000000 100 200000000000 100 250000000000 100 400000000000 100
PMAX_MAP				 20000000000 0 50000000000 0 100000000000 0.2 200000000000 0.2 250000000000 0.2 400000000000 0.2
LOAD			50
RANDOM_SEED			1
(AVG) NIC RATE: 100000000000
node_num=144
maxRtt: 8320, maxBdp: 104000
Configuring switches
------------------------------------------
Running Simulation.
[Logging] Current time: +2000001187.0ns
[Logging] Current time: +2001000001.0ns
[Logging] Current time: +2002000000.0ns
[Logging] Current time: +2003000000.0ns
[Logging] Current time: +2004000000.0ns
[Logging] Current time: +2005000000.0ns
[Logging] Current time: +2006000002.0ns
[Logging] Current time: +2007000000.0ns
[Logging] Current time: +2008000001.0ns
[Logging] Current time: +2009000001.0ns
[Logging] Current time: +2010000000.0ns
[Logging] Current time: +2011000000.0ns
[Logging] Current time: +2012000001.0ns
[Logging] Current time: +2013000000.0ns
[Logging] Current time: +2014000000.0ns
[Logging] Current time: +2015000000.0ns
[Logging] Current time: +2016000000.0ns
[Logging] Current time: +2017000000.0ns
[Logging] Current time: +2018000000.0ns
[Logging] Current time: +2019000001.0ns
[Logging] Current time: +2020000000.0ns
[Logging] Current time: +2021000001.0ns
[Logging] Current time: +2022000000.0ns
[Logging] Current time: +2023000001.0ns
[Logging] Current time: +2024000001.0ns
[Logging] Current time: +2025000001.0ns
[Logging] Current time: +2026000000.0ns
[Logging] Current time: +2027000000.0ns
[Logging] Current time: +2028000000.0ns
[Logging] Current time: +2029000000.0ns
[Logging] Current time: +2030000000.0ns
[Logging] Current time: +2031000000.0ns
[Logging] Current time: +2032000000.0ns
[Logging] Current time: +2033000000.0ns
[Logging] Current time: +2034000000.0ns
[Logging] Current time: +2035000000.0ns
[Logging] Current time: +2036000000.0ns
[Logging] Current time: +2037000001.0ns
[Logging] Current time: +2038000000.0ns
[Logging] Current time: +2039000000.0ns
[Logging] Current time: +2040000000.0ns
[Logging] Current time: +2041000002.0ns
[Logging] Current time: +2042000000.0ns
[Logging] Current time: +2043000000.0ns
[Logging] Current time: +2044000003.0ns
[Logging] Current time: +2045000001.0ns
[Logging] Current time: +2046000000.0ns
[Logging] Current time: +2047000001.0ns
[Logging] Current time: +2048000001.0ns
[Logging] Current time: +2049000000.0ns
[Logging] Current time: +2050000002.0ns
[Logging] Current time: +2051000001.0ns
[Logging] Current time: +2052000000.0ns
[Logging] Current time: +2053000000.0ns
[Logging] Current time: +2054000000.0ns
[Logging] Current time: +2055000000.0ns
[Logging] Current time: +2056000001.0ns
[Logging] Current time: +2057000000.0ns
[Logging] Current time: +2058000000.0ns
[Logging] Current time: +2059000000.0ns
[Logging] Current time: +2060000000.0ns
[Logging] Current time: +2061000000.0ns
[Logging] Current time: +2062000000.0ns
[Logging] Current time: +2063000000.0ns
[Logging] Current time: +2064000000.0ns
[Logging] Current time: +2065000000.0ns
[Logging] Current time: +2066000000.0ns
[Logging] Current time: +2067000000.0ns
[Logging] Current time: +2068000000.0ns
[Logging] Current time: +2069000002.0ns
[Logging] Current time: +2070000000.0ns
[Logging] Current time: +2071000000.0ns
[Logging] Current time: +2072000000.0ns
